1585583785853	mozrunner::runner	INFO	Running command: "C:\\Program Files\\Mozilla Firefox\\firefox.exe" "-marionette" "-foreground" "-no-remote" "-profile" "C:\\Users\\jlbic\\AppData\\Local\\Temp\\rust_mozprofileufjMvQ"
1585583786142	addons.webextension.doh-rollout@mozilla.org	WARN	Loading extension 'doh-rollout@mozilla.org': Reading manifest: Invalid extension permission: networkStatus
1585583786426	addons.webextension.screenshots@mozilla.org	WARN	Loading extension 'screenshots@mozilla.org': Reading manifest: Invalid extension permission: mozillaAddons
1585583786427	addons.webextension.screenshots@mozilla.org	WARN	Loading extension 'screenshots@mozilla.org': Reading manifest: Invalid extension permission: telemetry
1585583786427	addons.webextension.screenshots@mozilla.org	WARN	Loading extension 'screenshots@mozilla.org': Reading manifest: Invalid extension permission: resource://pdf.js/
1585583786427	addons.webextension.screenshots@mozilla.org	WARN	Loading extension 'screenshots@mozilla.org': Reading manifest: Invalid extension permission: about:reader*
JavaScript error: resource://gre/modules/XULStore.jsm, line 66: Error: Can't find profile directory.
1585583788477	Marionette	INFO	Listening on port 50456
1585583788496	Marionette	WARN	TLS certificate errors will be ignored for this session
1585583816300	Marionette	INFO	Stopped listening on port 50456

###!!! [Child][RunMessage] Error: Channel closing: too late to send/recv, messages will be lost


###!!! [Child][MessageChannel::SendAndWait] Error: Channel error: cannot send/recv

1585583838774	mozrunner::runner	INFO	Running command: "C:\\Program Files\\Mozilla Firefox\\firefox.exe" "-marionette" "-foreground" "-no-remote" "-profile" "C:\\Users\\jlbic\\AppData\\Local\\Temp\\rust_mozprofilesYRkA6"
1585583839042	addons.webextension.doh-rollout@mozilla.org	WARN	Loading extension 'doh-rollout@mozilla.org': Reading manifest: Invalid extension permission: networkStatus
1585583839339	addons.webextension.screenshots@mozilla.org	WARN	Loading extension 'screenshots@mozilla.org': Reading manifest: Invalid extension permission: mozillaAddons
1585583839339	addons.webextension.screenshots@mozilla.org	WARN	Loading extension 'screenshots@mozilla.org': Reading manifest: Invalid extension permission: telemetry
1585583839339	addons.webextension.screenshots@mozilla.org	WARN	Loading extension 'screenshots@mozilla.org': Reading manifest: Invalid extension permission: resource://pdf.js/
1585583839339	addons.webextension.screenshots@mozilla.org	WARN	Loading extension 'screenshots@mozilla.org': Reading manifest: Invalid extension permission: about:reader*
JavaScript error: resource://gre/modules/XULStore.jsm, line 66: Error: Can't find profile directory.
1585583841300	Marionette	INFO	Listening on port 50519
1585583841401	Marionette	WARN	TLS certificate errors will be ignored for this session
1585583862104	Marionette	INFO	Stopped listening on port 50519

###!!! [Child][RunMessage] Error: Channel closing: too late to send/recv, messages will be lost


###!!! [Child][MessageChannel::SendAndWait] Error: Channel error: cannot send/recv

1585583873253	mozrunner::runner	INFO	Running command: "C:\\Program Files\\Mozilla Firefox\\firefox.exe" "-marionette" "-foreground" "-no-remote" "-profile" "C:\\Users\\jlbic\\AppData\\Local\\Temp\\rust_mozprofilefZsthh"
1585583873521	addons.webextension.doh-rollout@mozilla.org	WARN	Loading extension 'doh-rollout@mozilla.org': Reading manifest: Invalid extension permission: networkStatus
1585583873813	addons.webextension.screenshots@mozilla.org	WARN	Loading extension 'screenshots@mozilla.org': Reading manifest: Invalid extension permission: mozillaAddons
1585583873813	addons.webextension.screenshots@mozilla.org	WARN	Loading extension 'screenshots@mozilla.org': Reading manifest: Invalid extension permission: telemetry
1585583873813	addons.webextension.screenshots@mozilla.org	WARN	Loading extension 'screenshots@mozilla.org': Reading manifest: Invalid extension permission: resource://pdf.js/
1585583873813	addons.webextension.screenshots@mozilla.org	WARN	Loading extension 'screenshots@mozilla.org': Reading manifest: Invalid extension permission: about:reader*
JavaScript error: resource://gre/modules/XULStore.jsm, line 66: Error: Can't find profile directory.
1585583875794	Marionette	INFO	Listening on port 50593
1585583875927	Marionette	WARN	TLS certificate errors will be ignored for this session
1585583895827	Marionette	INFO	Stopped listening on port 50593

###!!! [Child][RunMessage] Error: Channel closing: too late to send/recv, messages will be lost


###!!! [Child][MessageChannel::SendAndWait] Error: Channel error: cannot send/recv

1585584356750	mozrunner::runner	INFO	Running command: "C:\\Program Files\\Mozilla Firefox\\firefox.exe" "-marionette" "-foreground" "-no-remote" "-profile" "C:\\Users\\jlbic\\AppData\\Local\\Temp\\rust_mozprofile5HpWAa"
1585584357014	addons.webextension.doh-rollout@mozilla.org	WARN	Loading extension 'doh-rollout@mozilla.org': Reading manifest: Invalid extension permission: networkStatus
1585584357315	addons.webextension.screenshots@mozilla.org	WARN	Loading extension 'screenshots@mozilla.org': Reading manifest: Invalid extension permission: mozillaAddons
1585584357315	addons.webextension.screenshots@mozilla.org	WARN	Loading extension 'screenshots@mozilla.org': Reading manifest: Invalid extension permission: telemetry
1585584357315	addons.webextension.screenshots@mozilla.org	WARN	Loading extension 'screenshots@mozilla.org': Reading manifest: Invalid extension permission: resource://pdf.js/
1585584357315	addons.webextension.screenshots@mozilla.org	WARN	Loading extension 'screenshots@mozilla.org': Reading manifest: Invalid extension permission: about:reader*
JavaScript error: resource://gre/modules/XULStore.jsm, line 66: Error: Can't find profile directory.
1585584359138	Marionette	INFO	Listening on port 50691
1585584359377	Marionette	WARN	TLS certificate errors will be ignored for this session
JavaScript error: resource:///modules/SearchTelemetry.jsm, line 658: TypeError: channel.loadInfo is null
JavaScript error: resource:///modules/SearchTelemetry.jsm, line 658: TypeError: channel.loadInfo is null
JavaScript error: resource:///modules/SearchTelemetry.jsm, line 658: TypeError: channel.loadInfo is null
JavaScript error: resource:///modules/SearchTelemetry.jsm, line 658: TypeError: channel.loadInfo is null
JavaScript error: resource:///modules/SearchTelemetry.jsm, line 658: TypeError: channel.loadInfo is null
JavaScript error: resource:///modules/SearchTelemetry.jsm, line 658: TypeError: channel.loadInfo is null
JavaScript error: resource:///modules/SearchTelemetry.jsm, line 658: TypeError: channel.loadInfo is null
JavaScript error: resource:///modules/SearchTelemetry.jsm, line 658: TypeError: channel.loadInfo is null
JavaScript error: resource:///modules/SearchTelemetry.jsm, line 658: TypeError: channel.loadInfo is null
JavaScript error: resource:///modules/SearchTelemetry.jsm, line 658: TypeError: channel.loadInfo is null
JavaScript error: resource:///modules/SearchTelemetry.jsm, line 658: TypeError: channel.loadInfo is null
JavaScript error: resource:///modules/SearchTelemetry.jsm, line 658: TypeError: channel.loadInfo is null
JavaScript error: resource:///modules/SearchTelemetry.jsm, line 658: TypeError: channel.loadInfo is null
JavaScript error: resource:///modules/SearchTelemetry.jsm, line 658: TypeError: channel.loadInfo is null
JavaScript error: resource:///modules/SearchTelemetry.jsm, line 658: TypeError: channel.loadInfo is null
JavaScript error: resource:///modules/SearchTelemetry.jsm, line 658: TypeError: channel.loadInfo is null
JavaScript error: resource:///modules/SearchTelemetry.jsm, line 658: TypeError: channel.loadInfo is null
JavaScript error: resource:///modules/SearchTelemetry.jsm, line 658: TypeError: channel.loadInfo is null
JavaScript error: resource:///modules/SearchTelemetry.jsm, line 658: TypeError: channel.loadInfo is null
JavaScript error: resource:///modules/SearchTelemetry.jsm, line 658: TypeError: channel.loadInfo is null
JavaScript error: resource:///modules/SearchTelemetry.jsm, line 658: TypeError: channel.loadInfo is null
JavaScript error: resource:///modules/SearchTelemetry.jsm, line 658: TypeError: channel.loadInfo is null
JavaScript error: resource:///modules/SearchTelemetry.jsm, line 658: TypeError: channel.loadInfo is null
JavaScript error: resource:///modules/SearchTelemetry.jsm, line 658: TypeError: channel.loadInfo is null
JavaScript error: resource:///modules/SearchTelemetry.jsm, line 658: TypeError: channel.loadInfo is null
JavaScript error: resource:///modules/SearchTelemetry.jsm, line 658: TypeError: channel.loadInfo is null
JavaScript error: resource:///modules/SearchTelemetry.jsm, line 658: TypeError: channel.loadInfo is null
JavaScript error: resource:///modules/SearchTelemetry.jsm, line 658: TypeError: channel.loadInfo is null
JavaScript error: resource:///modules/SearchTelemetry.jsm, line 658: TypeError: channel.loadInfo is null
JavaScript error: resource:///modules/SearchTelemetry.jsm, line 658: TypeError: channel.loadInfo is null
JavaScript error: resource:///modules/SearchTelemetry.jsm, line 658: TypeError: channel.loadInfo is null
JavaScript error: resource:///modules/SearchTelemetry.jsm, line 658: TypeError: channel.loadInfo is null
JavaScript error: resource:///modules/SearchTelemetry.jsm, line 658: TypeError: channel.loadInfo is null
JavaScript error: resource:///modules/SearchTelemetry.jsm, line 658: TypeError: channel.loadInfo is null
JavaScript error: resource:///modules/SearchTelemetry.jsm, line 658: TypeError: channel.loadInfo is null
JavaScript error: resource:///modules/SearchTelemetry.jsm, line 658: TypeError: channel.loadInfo is null
JavaScript error: resource:///modules/SearchTelemetry.jsm, line 658: TypeError: channel.loadInfo is null
JavaScript error: resource:///modules/SearchTelemetry.jsm, line 658: TypeError: channel.loadInfo is null
JavaScript error: resource:///modules/SearchTelemetry.jsm, line 658: TypeError: channel.loadInfo is null
JavaScript error: resource:///modules/SearchTelemetry.jsm, line 658: TypeError: channel.loadInfo is null
JavaScript error: resource:///modules/SearchTelemetry.jsm, line 658: TypeError: channel.loadInfo is null
JavaScript error: resource:///modules/SearchTelemetry.jsm, line 658: TypeError: channel.loadInfo is null
JavaScript error: resource:///modules/SearchTelemetry.jsm, line 658: TypeError: channel.loadInfo is null
JavaScript error: resource:///modules/SearchTelemetry.jsm, line 658: TypeError: channel.loadInfo is null
JavaScript error: resource:///modules/SearchTelemetry.jsm, line 658: TypeError: channel.loadInfo is null
JavaScript error: resource:///modules/SearchTelemetry.jsm, line 658: TypeError: channel.loadInfo is null
JavaScript error: resource:///modules/SearchTelemetry.jsm, line 658: TypeError: channel.loadInfo is null
JavaScript error: resource:///modules/SearchTelemetry.jsm, line 658: TypeError: channel.loadInfo is null
JavaScript error: resource:///modules/SearchTelemetry.jsm, line 658: TypeError: channel.loadInfo is null
JavaScript error: resource:///modules/SearchTelemetry.jsm, line 658: TypeError: channel.loadInfo is null
JavaScript error: resource:///modules/SearchTelemetry.jsm, line 658: TypeError: channel.loadInfo is null
1585584483707	Marionette	INFO	Stopped listening on port 50691

###!!! [Child][RunMessage] Error: Channel closing: too late to send/recv, messages will be lost


###!!! [Child][MessageChannel::SendAndWait] Error: Channel error: cannot send/recv

1585584498786	mozrunner::runner	INFO	Running command: "C:\\Program Files\\Mozilla Firefox\\firefox.exe" "-marionette" "-foreground" "-no-remote" "-profile" "C:\\Users\\jlbic\\AppData\\Local\\Temp\\rust_mozprofileDlvFxB"
1585584499052	addons.webextension.doh-rollout@mozilla.org	WARN	Loading extension 'doh-rollout@mozilla.org': Reading manifest: Invalid extension permission: networkStatus
1585584499351	addons.webextension.screenshots@mozilla.org	WARN	Loading extension 'screenshots@mozilla.org': Reading manifest: Invalid extension permission: mozillaAddons
1585584499351	addons.webextension.screenshots@mozilla.org	WARN	Loading extension 'screenshots@mozilla.org': Reading manifest: Invalid extension permission: telemetry
1585584499351	addons.webextension.screenshots@mozilla.org	WARN	Loading extension 'screenshots@mozilla.org': Reading manifest: Invalid extension permission: resource://pdf.js/
1585584499351	addons.webextension.screenshots@mozilla.org	WARN	Loading extension 'screenshots@mozilla.org': Reading manifest: Invalid extension permission: about:reader*
JavaScript error: resource://gre/modules/XULStore.jsm, line 66: Error: Can't find profile directory.
1585584501184	Marionette	INFO	Listening on port 50761
1585584501460	Marionette	WARN	TLS certificate errors will be ignored for this session
JavaScript error: resource:///modules/SearchTelemetry.jsm, line 658: TypeError: channel.loadInfo is null
1585584526178	Marionette	INFO	Stopped listening on port 50761

###!!! [Child][RunMessage] Error: Channel closing: too late to send/recv, messages will be lost


###!!! [Child][MessageChannel::SendAndWait] Error: Channel error: cannot send/recv

1585584539886	mozrunner::runner	INFO	Running command: "C:\\Program Files\\Mozilla Firefox\\firefox.exe" "-marionette" "-foreground" "-no-remote" "-profile" "C:\\Users\\jlbic\\AppData\\Local\\Temp\\rust_mozprofilezZeiSn"
1585584540156	addons.webextension.doh-rollout@mozilla.org	WARN	Loading extension 'doh-rollout@mozilla.org': Reading manifest: Invalid extension permission: networkStatus
1585584540452	addons.webextension.screenshots@mozilla.org	WARN	Loading extension 'screenshots@mozilla.org': Reading manifest: Invalid extension permission: mozillaAddons
1585584540452	addons.webextension.screenshots@mozilla.org	WARN	Loading extension 'screenshots@mozilla.org': Reading manifest: Invalid extension permission: telemetry
1585584540452	addons.webextension.screenshots@mozilla.org	WARN	Loading extension 'screenshots@mozilla.org': Reading manifest: Invalid extension permission: resource://pdf.js/
1585584540452	addons.webextension.screenshots@mozilla.org	WARN	Loading extension 'screenshots@mozilla.org': Reading manifest: Invalid extension permission: about:reader*
JavaScript error: resource://gre/modules/XULStore.jsm, line 66: Error: Can't find profile directory.
1585584542429	Marionette	INFO	Listening on port 50837
1585584542529	Marionette	WARN	TLS certificate errors will be ignored for this session
JavaScript error: resource:///modules/SearchTelemetry.jsm, line 658: TypeError: channel.loadInfo is null
JavaScript error: resource:///modules/SearchTelemetry.jsm, line 658: TypeError: channel.loadInfo is null
JavaScript error: resource:///modules/SearchTelemetry.jsm, line 658: TypeError: channel.loadInfo is null
JavaScript error: resource:///modules/SearchTelemetry.jsm, line 658: TypeError: channel.loadInfo is null
JavaScript error: resource:///modules/SearchTelemetry.jsm, line 658: TypeError: channel.loadInfo is null
JavaScript error: resource:///modules/SearchTelemetry.jsm, line 658: TypeError: channel.loadInfo is null
JavaScript error: resource:///modules/SearchTelemetry.jsm, line 658: TypeError: channel.loadInfo is null
JavaScript error: resource:///modules/SearchTelemetry.jsm, line 658: TypeError: channel.loadInfo is null
JavaScript error: resource:///modules/SearchTelemetry.jsm, line 658: TypeError: channel.loadInfo is null
JavaScript error: resource:///modules/SearchTelemetry.jsm, line 658: TypeError: channel.loadInfo is null
JavaScript error: resource:///modules/SearchTelemetry.jsm, line 658: TypeError: channel.loadInfo is null
JavaScript error: resource:///modules/SearchTelemetry.jsm, line 658: TypeError: channel.loadInfo is null
JavaScript error: resource:///modules/SearchTelemetry.jsm, line 658: TypeError: channel.loadInfo is null
JavaScript error: resource:///modules/SearchTelemetry.jsm, line 658: TypeError: channel.loadInfo is null
JavaScript error: resource:///modules/SearchTelemetry.jsm, line 658: TypeError: channel.loadInfo is null
JavaScript error: resource:///modules/SearchTelemetry.jsm, line 658: TypeError: channel.loadInfo is null
JavaScript error: resource:///modules/SearchTelemetry.jsm, line 658: TypeError: channel.loadInfo is null
JavaScript error: resource:///modules/SearchTelemetry.jsm, line 658: TypeError: channel.loadInfo is null
JavaScript error: resource:///modules/SearchTelemetry.jsm, line 658: TypeError: channel.loadInfo is null
JavaScript error: resource:///modules/SearchTelemetry.jsm, line 658: TypeError: channel.loadInfo is null
[Parent 1784, Gecko_IOThread] WARNING: file z:/task_1583751780/build/src/ipc/chromium/src/base/process_util_win.cc, line 160
1585584904082	Marionette	INFO	Stopped listening on port 50837

###!!! [Child][RunMessage] Error: Channel closing: too late to send/recv, messages will be lost


###!!! [Child][MessageChannel::SendAndWait] Error: Channel error: cannot send/recv

eading manifest: Invalid extension permission: about:reader*
JavaScript error: resource://gre/modules/XULStore.jsm, line 66: Error: Can't find profile directory.
1585584755854	Marionette	INFO	Listening on port 50909
1585584755957	Marionette	WARN	TLS certificate errors will be ignored for this session
JavaScript error: resource:///modules/SearchTelemetry.jsm, line 658: TypeError: channel.loadInfo is null
JavaScript error: resource:///modules/SearchTelemetry.jsm, line 658: TypeError: channel.loadInfo is null
JavaScript error: resource:///modules/SearchTelemetry.jsm, line 658: TypeError: channel.loadInfo is null
JavaScript error: resource:///modules/SearchTelemetry.jsm, line 658: TypeError: channel.loadInfo is null
JavaScript error: resource:///modules/SearchTelemetry.jsm, line 658: TypeError: channel.loadInfo is null
1585584909397	Marionette	INFO	Stopped listening on port 50909

###!!! [Child][RunMessage] Error: Channel closing: too late to send/recv, messages will be lost


###!!! [Child][MessageChannel::SendAndWait] Error: Channel error: cannot send/recv

nsion permission: networkStatus
1585584832125	addons.webextension.screenshots@mozilla.org	WARN	Loading extension 'screenshots@mozilla.org': Reading manifest: Invalid extension permission: mozillaAddons
1585584832125	addons.webextension.screenshots@mozilla.org	WARN	Loading extension 'screenshots@mozilla.org': Reading manifest: Invalid extension permission: telemetry
1585584832125	addons.webextension.screenshots@mozilla.org	WARN	Loading extension 'screenshots@mozilla.org': Reading manifest: Invalid extension permission: resource://pdf.js/
1585584832125	addons.webextension.screenshots@mozilla.org	WARN	Loading extension 'screenshots@mozilla.org': Reading manifest: Invalid extension permission: about:reader*
JavaScript error: resource://gre/modules/XULStore.jsm, line 66: Error: Can't find profile directory.
1585584834181	Marionette	INFO	Listening on port 50977
1585584834205	Marionette	WARN	TLS certificate errors will be ignored for this session
JavaScript error: resource:///modules/SearchTelemetry.jsm, line 658: TypeError: channel.loadInfo is null
JavaScript error: resource:///modules/SearchTelemetry.jsm, line 658: TypeError: channel.loadInfo is null
JavaScript error: resource:///modules/SearchTelemetry.jsm, line 658: TypeError: channel.loadInfo is null
JavaScript error: resource:///modules/SearchTelemetry.jsm, line 658: TypeError: channel.loadInfo is null
JavaScript error: resource:///modules/SearchTelemetry.jsm, line 658: TypeError: channel.loadInfo is null
1585584908037	Marionette	INFO	Stopped listening on port 50977

###!!! [Child][RunMessage] Error: Channel closing: too late to send/recv, messages will be lost


###!!! [Child][MessageChannel::SendAndWait] Error: Channel error: cannot send/recv

1585586043588	mozrunner::runner	INFO	Running command: "C:\\Program Files\\Mozilla Firefox\\firefox.exe" "-marionette" "-foreground" "-no-remote" "-profile" "C:\\Users\\jlbic\\AppData\\Local\\Temp\\rust_mozprofileqxTXO7"
1585586043853	addons.webextension.doh-rollout@mozilla.org	WARN	Loading extension 'doh-rollout@mozilla.org': Reading manifest: Invalid extension permission: networkStatus
1585586044144	addons.webextension.screenshots@mozilla.org	WARN	Loading extension 'screenshots@mozilla.org': Reading manifest: Invalid extension permission: mozillaAddons
1585586044145	addons.webextension.screenshots@mozilla.org	WARN	Loading extension 'screenshots@mozilla.org': Reading manifest: Invalid extension permission: telemetry
1585586044145	addons.webextension.screenshots@mozilla.org	WARN	Loading extension 'screenshots@mozilla.org': Reading manifest: Invalid extension permission: resource://pdf.js/
1585586044145	addons.webextension.screenshots@mozilla.org	WARN	Loading extension 'screenshots@mozilla.org': Reading manifest: Invalid extension permission: about:reader*
JavaScript error: resource://gre/modules/XULStore.jsm, line 66: Error: Can't find profile directory.
1585586046037	Marionette	INFO	Listening on port 51099
1585586046231	Marionette	WARN	TLS certificate errors will be ignored for this session
JavaScript error: resource:///modules/SearchTelemetry.jsm, line 658: TypeError: channel.loadInfo is null
JavaScript error: resource:///modules/SearchTelemetry.jsm, line 658: TypeError: channel.loadInfo is null
1585586062827	Marionette	INFO	Stopped listening on port 51099

###!!! [Child][RunMessage] Error: Channel closing: too late to send/recv, messages will be lost


###!!! [Child][MessageChannel::SendAndWait] Error: Channel error: cannot send/recv

1585586166181	mozrunner::runner	INFO	Running command: "C:\\Program Files\\Mozilla Firefox\\firefox.exe" "-marionette" "-foreground" "-no-remote" "-profile" "C:\\Users\\jlbic\\AppData\\Local\\Temp\\rust_mozprofileJGQpLY"
1585586166476	addons.webextension.doh-rollout@mozilla.org	WARN	Loading extension 'doh-rollout@mozilla.org': Reading manifest: Invalid extension permission: networkStatus
1585586166763	addons.webextension.screenshots@mozilla.org	WARN	Loading extension 'screenshots@mozilla.org': Reading manifest: Invalid extension permission: mozillaAddons
1585586166763	addons.webextension.screenshots@mozilla.org	WARN	Loading extension 'screenshots@mozilla.org': Reading manifest: Invalid extension permission: telemetry
1585586166763	addons.webextension.screenshots@mozilla.org	WARN	Loading extension 'screenshots@mozilla.org': Reading manifest: Invalid extension permission: resource://pdf.js/
1585586166763	addons.webextension.screenshots@mozilla.org	WARN	Loading extension 'screenshots@mozilla.org': Reading manifest: Invalid extension permission: about:reader*
JavaScript error: resource://gre/modules/XULStore.jsm, line 66: Error: Can't find profile directory.
1585586168710	Marionette	INFO	Listening on port 51163
1585586168855	Marionette	WARN	TLS certificate errors will be ignored for this session
1585588556671	Marionette	INFO	Stopped listening on port 51163

###!!! [Child][RunMessage] Error: Channel closing: too late to send/recv, messages will be lost


###!!! [Child][MessageChannel::SendAndWait] Error: Channel error: cannot send/recv

n.doh-rollout@mozilla.org	WARN	Loading extension 'doh-rollout@mozilla.org': Reading manifest: Invalid extension permission: networkStatus
1585586330897	addons.webextension.screenshots@mozilla.org	WARN	Loading extension 'screenshots@mozilla.org': Reading manifest: Invalid extension permission: mozillaAddons
1585586330897	addons.webextension.screenshots@mozilla.org	WARN	Loading extension 'screenshots@mozilla.org': Reading manifest: Invalid extension permission: telemetry
1585586330897	addons.webextension.screenshots@mozilla.org	WARN	Loading extension 'screenshots@mozilla.org': Reading manifest: Invalid extension permission: resource://pdf.js/
1585586330897	addons.webextension.screenshots@mozilla.org	WARN	Loading extension 'screenshots@mozilla.org': Reading manifest: Invalid extension permission: about:reader*
JavaScript error: resource://gre/modules/XULStore.jsm, line 66: Error: Can't find profile directory.
1585586332812	Marionette	INFO	Listening on port 51246
1585586332982	Marionette	WARN	TLS certificate errors will be ignored for this session
1585586364047	Marionette	INFO	Stopped listening on port 51246

###!!! [Child][RunMessage] Error: Channel closing: too late to send/recv, messages will be lost


###!!! [Child][MessageChannel::SendAndWait] Error: Channel error: cannot send/recv

1585586593272	mozrunner::runner	INFO	Running command: "C:\\Program Files\\Mozilla Firefox\\firefox.exe" "-marionette" "-foreground" "-no-remote" "-profile" "C:\\Users\\jlbic\\AppData\\Local\\Temp\\rust_mozprofile6TJF54"
1585586593552	addons.webextension.doh-rollout@mozilla.org	WARN	Loading extension 'doh-rollout@mozilla.org': Reading manifest: Invalid extension permission: networkStatus
1585586593845	addons.webextension.screenshots@mozilla.org	WARN	Loading extension 'screenshots@mozilla.org': Reading manifest: Invalid extension permission: mozillaAddons
1585586593845	addons.webextension.screenshots@mozilla.org	WARN	Loading extension 'screenshots@mozilla.org': Reading manifest: Invalid extension permission: telemetry
1585586593845	addons.webextension.screenshots@mozilla.org	WARN	Loading extension 'screenshots@mozilla.org': Reading manifest: Invalid extension permission: resource://pdf.js/
1585586593845	addons.webextension.screenshots@mozilla.org	WARN	Loading extension 'screenshots@mozilla.org': Reading manifest: Invalid extension permission: about:reader*
JavaScript error: resource://gre/modules/XULStore.jsm, line 66: Error: Can't find profile directory.
1585586595864	Marionette	INFO	Listening on port 51337
1585586595946	Marionette	WARN	TLS certificate errors will be ignored for this session
1585586596607	Marionette	INFO	Stopped listening on port 51337

###!!! [Child][RunMessage] Error: Channel closing: too late to send/recv, messages will be lost


###!!! [Child][MessageChannel::SendAndWait] Error: Channel error: cannot send/recv

1585586608226	mozrunner::runner	INFO	Running command: "C:\\Program Files\\Mozilla Firefox\\firefox.exe" "-marionette" "-foreground" "-no-remote" "-profile" "C:\\Users\\jlbic\\AppData\\Local\\Temp\\rust_mozprofileN52suF"
1585586608494	addons.webextension.doh-rollout@mozilla.org	WARN	Loading extension 'doh-rollout@mozilla.org': Reading manifest: Invalid extension permission: networkStatus
1585586608781	addons.webextension.screenshots@mozilla.org	WARN	Loading extension 'screenshots@mozilla.org': Reading manifest: Invalid extension permission: mozillaAddons
1585586608781	addons.webextension.screenshots@mozilla.org	WARN	Loading extension 'screenshots@mozilla.org': Reading manifest: Invalid extension permission: telemetry
1585586608781	addons.webextension.screenshots@mozilla.org	WARN	Loading extension 'screenshots@mozilla.org': Reading manifest: Invalid extension permission: resource://pdf.js/
1585586608781	addons.webextension.screenshots@mozilla.org	WARN	Loading extension 'screenshots@mozilla.org': Reading manifest: Invalid extension permission: about:reader*
JavaScript error: resource://gre/modules/XULStore.jsm, line 66: Error: Can't find profile directory.
1585586610684	Marionette	INFO	Listening on port 51378
1585586610868	Marionette	WARN	TLS certificate errors will be ignored for this session
1585586624054	Marionette	INFO	Stopped listening on port 51378

###!!! [Child][RunMessage] Error: Channel closing: too late to send/recv, messages will be lost


###!!! [Child][MessageChannel::SendAndWait] Error: Channel error: cannot send/recv

1585586669210	mozrunner::runner	INFO	Running command: "C:\\Program Files\\Mozilla Firefox\\firefox.exe" "-marionette" "-foreground" "-no-remote" "-profile" "C:\\Users\\jlbic\\AppData\\Local\\Temp\\rust_mozprofilekrykST"
1585586669473	addons.webextension.doh-rollout@mozilla.org	WARN	Loading extension 'doh-rollout@mozilla.org': Reading manifest: Invalid extension permission: networkStatus
1585586669766	addons.webextension.screenshots@mozilla.org	WARN	Loading extension 'screenshots@mozilla.org': Reading manifest: Invalid extension permission: mozillaAddons
1585586669766	addons.webextension.screenshots@mozilla.org	WARN	Loading extension 'screenshots@mozilla.org': Reading manifest: Invalid extension permission: telemetry
1585586669766	addons.webextension.screenshots@mozilla.org	WARN	Loading extension 'screenshots@mozilla.org': Reading manifest: Invalid extension permission: resource://pdf.js/
1585586669767	addons.webextension.screenshots@mozilla.org	WARN	Loading extension 'screenshots@mozilla.org': Reading manifest: Invalid extension permission: about:reader*
JavaScript error: resource://gre/modules/XULStore.jsm, line 66: Error: Can't find profile directory.
1585586671733	Marionette	INFO	Listening on port 51456
1585586671853	Marionette	WARN	TLS certificate errors will be ignored for this session
1585586688138	Marionette	INFO	Stopped listening on port 51456

###!!! [Child][RunMessage] Error: Channel closing: too late to send/recv, messages will be lost


###!!! [Child][MessageChannel::SendAndWait] Error: Channel error: cannot send/recv

1585587117112	mozrunner::runner	INFO	Running command: "C:\\Program Files\\Mozilla Firefox\\firefox.exe" "-marionette" "-foreground" "-no-remote" "-profile" "C:\\Users\\jlbic\\AppData\\Local\\Temp\\rust_mozprofileD4iSz1"
1585587117387	addons.webextension.doh-rollout@mozilla.org	WARN	Loading extension 'doh-rollout@mozilla.org': Reading manifest: Invalid extension permission: networkStatus
1585587117687	addons.webextension.screenshots@mozilla.org	WARN	Loading extension 'screenshots@mozilla.org': Reading manifest: Invalid extension permission: mozillaAddons
1585587117687	addons.webextension.screenshots@mozilla.org	WARN	Loading extension 'screenshots@mozilla.org': Reading manifest: Invalid extension permission: telemetry
1585587117687	addons.webextension.screenshots@mozilla.org	WARN	Loading extension 'screenshots@mozilla.org': Reading manifest: Invalid extension permission: resource://pdf.js/
1585587117687	addons.webextension.screenshots@mozilla.org	WARN	Loading extension 'screenshots@mozilla.org': Reading manifest: Invalid extension permission: about:reader*
JavaScript error: resource://gre/modules/XULStore.jsm, line 66: Error: Can't find profile directory.
1585587119739	Marionette	INFO	Listening on port 51557
1585587119757	Marionette	WARN	TLS certificate errors will be ignored for this session
1585587209052	Marionette	INFO	Stopped listening on port 51557

###!!! [Child][RunMessage] Error: Channel closing: too late to send/recv, messages will be lost


###!!! [Child][MessageChannel::SendAndWait] Error: Channel error: cannot send/recv

1585587295968	mozrunner::runner	INFO	Running command: "C:\\Program Files\\Mozilla Firefox\\firefox.exe" "-marionette" "-foreground" "-no-remote" "-profile" "C:\\Users\\jlbic\\AppData\\Local\\Temp\\rust_mozprofileOsMYkx"
1585587296237	addons.webextension.doh-rollout@mozilla.org	WARN	Loading extension 'doh-rollout@mozilla.org': Reading manifest: Invalid extension permission: networkStatus
1585587296534	addons.webextension.screenshots@mozilla.org	WARN	Loading extension 'screenshots@mozilla.org': Reading manifest: Invalid extension permission: mozillaAddons
1585587296534	addons.webextension.screenshots@mozilla.org	WARN	Loading extension 'screenshots@mozilla.org': Reading manifest: Invalid extension permission: telemetry
1585587296535	addons.webextension.screenshots@mozilla.org	WARN	Loading extension 'screenshots@mozilla.org': Reading manifest: Invalid extension permission: resource://pdf.js/
1585587296535	addons.webextension.screenshots@mozilla.org	WARN	Loading extension 'screenshots@mozilla.org': Reading manifest: Invalid extension permission: about:reader*
JavaScript error: resource://gre/modules/XULStore.jsm, line 66: Error: Can't find profile directory.
1585587298531	Marionette	INFO	Listening on port 51650
1585587298595	Marionette	WARN	TLS certificate errors will be ignored for this session
1585587309463	Marionette	INFO	Stopped listening on port 51650

###!!! [Child][RunMessage] Error: Channel closing: too late to send/recv, messages will be lost


###!!! [Child][MessageChannel::SendAndWait] Error: Channel error: cannot send/recv

1585587354403	mozrunner::runner	INFO	Running command: "C:\\Program Files\\Mozilla Firefox\\firefox.exe" "-marionette" "-foreground" "-no-remote" "-profile" "C:\\Users\\jlbic\\AppData\\Local\\Temp\\rust_mozprofileVe18iZ"
1585587354667	addons.webextension.doh-rollout@mozilla.org	WARN	Loading extension 'doh-rollout@mozilla.org': Reading manifest: Invalid extension permission: networkStatus
1585587354949	addons.webextension.screenshots@mozilla.org	WARN	Loading extension 'screenshots@mozilla.org': Reading manifest: Invalid extension permission: mozillaAddons
1585587354949	addons.webextension.screenshots@mozilla.org	WARN	Loading extension 'screenshots@mozilla.org': Reading manifest: Invalid extension permission: telemetry
1585587354949	addons.webextension.screenshots@mozilla.org	WARN	Loading extension 'screenshots@mozilla.org': Reading manifest: Invalid extension permission: resource://pdf.js/
1585587354949	addons.webextension.screenshots@mozilla.org	WARN	Loading extension 'screenshots@mozilla.org': Reading manifest: Invalid extension permission: about:reader*
JavaScript error: resource://gre/modules/XULStore.jsm, line 66: Error: Can't find profile directory.
1585587356754	Marionette	INFO	Listening on port 51721
1585587357067	Marionette	WARN	TLS certificate errors will be ignored for this session
1585587365857	Marionette	INFO	Stopped listening on port 51721

###!!! [Child][RunMessage] Error: Channel closing: too late to send/recv, messages will be lost


###!!! [Child][MessageChannel::SendAndWait] Error: Channel error: cannot send/recv

1585587415102	mozrunner::runner	INFO	Running command: "C:\\Program Files\\Mozilla Firefox\\firefox.exe" "-marionette" "-foreground" "-no-remote" "-profile" "C:\\Users\\jlbic\\AppData\\Local\\Temp\\rust_mozprofileF9GfZC"
1585587415370	addons.webextension.doh-rollout@mozilla.org	WARN	Loading extension 'doh-rollout@mozilla.org': Reading manifest: Invalid extension permission: networkStatus
1585587415656	addons.webextension.screenshots@mozilla.org	WARN	Loading extension 'screenshots@mozilla.org': Reading manifest: Invalid extension permission: mozillaAddons
1585587415656	addons.webextension.screenshots@mozilla.org	WARN	Loading extension 'screenshots@mozilla.org': Reading manifest: Invalid extension permission: telemetry
1585587415656	addons.webextension.screenshots@mozilla.org	WARN	Loading extension 'screenshots@mozilla.org': Reading manifest: Invalid extension permission: resource://pdf.js/
1585587415656	addons.webextension.screenshots@mozilla.org	WARN	Loading extension 'screenshots@mozilla.org': Reading manifest: Invalid extension permission: about:reader*
JavaScript error: resource://gre/modules/XULStore.jsm, line 66: Error: Can't find profile directory.
1585587417615	Marionette	INFO	Listening on port 51791
1585587417761	Marionette	WARN	TLS certificate errors will be ignored for this session
1585587430967	Marionette	INFO	Stopped listening on port 51791

###!!! [Child][RunMessage] Error: Channel closing: too late to send/recv, messages will be lost


###!!! [Child][MessageChannel::SendAndWait] Error: Channel error: cannot send/recv

1585587575988	mozrunner::runner	INFO	Running command: "C:\\Program Files\\Mozilla Firefox\\firefox.exe" "-marionette" "-foreground" "-no-remote" "-profile" "C:\\Users\\jlbic\\AppData\\Local\\Temp\\rust_mozprofileah9oH5"
1585587576255	addons.webextension.doh-rollout@mozilla.org	WARN	Loading extension 'doh-rollout@mozilla.org': Reading manifest: Invalid extension permission: networkStatus
1585587576557	addons.webextension.screenshots@mozilla.org	WARN	Loading extension 'screenshots@mozilla.org': Reading manifest: Invalid extension permission: mozillaAddons
1585587576557	addons.webextension.screenshots@mozilla.org	WARN	Loading extension 'screenshots@mozilla.org': Reading manifest: Invalid extension permission: telemetry
1585587576557	addons.webextension.screenshots@mozilla.org	WARN	Loading extension 'screenshots@mozilla.org': Reading manifest: Invalid extension permission: resource://pdf.js/
1585587576557	addons.webextension.screenshots@mozilla.org	WARN	Loading extension 'screenshots@mozilla.org': Reading manifest: Invalid extension permission: about:reader*
JavaScript error: resource://gre/modules/XULStore.jsm, line 66: Error: Can't find profile directory.
1585587578529	Marionette	INFO	Listening on port 51865
1585587578631	Marionette	WARN	TLS certificate errors will be ignored for this session
1585587916000	Marionette	INFO	Stopped listening on port 51865

###!!! [Child][RunMessage] Error: Channel closing: too late to send/recv, messages will be lost


###!!! [Child][MessageChannel::SendAndWait] Error: Channel error: cannot send/recv

n.doh-rollout@mozilla.org	WARN	Loading extension 'doh-rollout@mozilla.org': Reading manifest: Invalid extension permission: networkStatus
1585587629936	addons.webextension.screenshots@mozilla.org	WARN	Loading extension 'screenshots@mozilla.org': Reading manifest: Invalid extension permission: mozillaAddons
1585587629936	addons.webextension.screenshots@mozilla.org	WARN	Loading extension 'screenshots@mozilla.org': Reading manifest: Invalid extension permission: telemetry
1585587629936	addons.webextension.screenshots@mozilla.org	WARN	Loading extension 'screenshots@mozilla.org': Reading manifest: Invalid extension permission: resource://pdf.js/
1585587629936	addons.webextension.screenshots@mozilla.org	WARN	Loading extension 'screenshots@mozilla.org': Reading manifest: Invalid extension permission: about:reader*
JavaScript error: resource://gre/modules/XULStore.jsm, line 66: Error: Can't find profile directory.
1585587631918	Marionette	INFO	Listening on port 51937
1585587632008	Marionette	WARN	TLS certificate errors will be ignored for this session
1585587646543	Marionette	INFO	Stopped listening on port 51937

###!!! [Child][RunMessage] Error: Channel closing: too late to send/recv, messages will be lost


###!!! [Child][MessageChannel::SendAndWait] Error: Channel error: cannot send/recv

1585587796128	mozrunner::runner	INFO	Running command: "C:\\Program Files\\Mozilla Firefox\\firefox.exe" "-marionette" "-foreground" "-no-remote" "-profile" "C:\\Users\\jlbic\\AppData\\Local\\Temp\\rust_mozprofilehPoko4"
1585587796408	addons.webextension.doh-rollout@mozilla.org	WARN	Loading extension 'doh-rollout@mozilla.org': Reading manifest: Invalid extension permission: networkStatus
1585587796687	addons.webextension.screenshots@mozilla.org	WARN	Loading extension 'screenshots@mozilla.org': Reading manifest: Invalid extension permission: mozillaAddons
1585587796687	addons.webextension.screenshots@mozilla.org	WARN	Loading extension 'screenshots@mozilla.org': Reading manifest: Invalid extension permission: telemetry
1585587796687	addons.webextension.screenshots@mozilla.org	WARN	Loading extension 'screenshots@mozilla.org': Reading manifest: Invalid extension permission: resource://pdf.js/
1585587796688	addons.webextension.screenshots@mozilla.org	WARN	Loading extension 'screenshots@mozilla.org': Reading manifest: Invalid extension permission: about:reader*
JavaScript error: resource://gre/modules/XULStore.jsm, line 66: Error: Can't find profile directory.
1585587798713	Marionette	INFO	Listening on port 52012
1585587798802	Marionette	WARN	TLS certificate errors will be ignored for this session
1585587916612	Marionette	INFO	Stopped listening on port 52012

###!!! [Child][RunMessage] Error: Channel closing: too late to send/recv, messages will be lost


###!!! [Child][MessageChannel::SendAndWait] Error: Channel error: cannot send/recv

n.doh-rollout@mozilla.org	WARN	Loading extension 'doh-rollout@mozilla.org': Reading manifest: Invalid extension permission: networkStatus
1585587845300	addons.webextension.screenshots@mozilla.org	WARN	Loading extension 'screenshots@mozilla.org': Reading manifest: Invalid extension permission: mozillaAddons
1585587845300	addons.webextension.screenshots@mozilla.org	WARN	Loading extension 'screenshots@mozilla.org': Reading manifest: Invalid extension permission: telemetry
1585587845300	addons.webextension.screenshots@mozilla.org	WARN	Loading extension 'screenshots@mozilla.org': Reading manifest: Invalid extension permission: resource://pdf.js/
1585587845300	addons.webextension.screenshots@mozilla.org	WARN	Loading extension 'screenshots@mozilla.org': Reading manifest: Invalid extension permission: about:reader*
JavaScript error: resource://gre/modules/XULStore.jsm, line 66: Error: Can't find profile directory.
1585587847230	Marionette	INFO	Listening on port 52090
1585587847385	Marionette	WARN	TLS certificate errors will be ignored for this session
1585587917294	Marionette	INFO	Stopped listening on port 52090

###!!! [Child][RunMessage] Error: Channel closing: too late to send/recv, messages will be lost


###!!! [Child][MessageChannel::SendAndWait] Error: Channel error: cannot send/recv

n.doh-rollout@mozilla.org	WARN	Loading extension 'doh-rollout@mozilla.org': Reading manifest: Invalid extension permission: networkStatus
1585587892783	addons.webextension.screenshots@mozilla.org	WARN	Loading extension 'screenshots@mozilla.org': Reading manifest: Invalid extension permission: mozillaAddons
1585587892783	addons.webextension.screenshots@mozilla.org	WARN	Loading extension 'screenshots@mozilla.org': Reading manifest: Invalid extension permission: telemetry
1585587892783	addons.webextension.screenshots@mozilla.org	WARN	Loading extension 'screenshots@mozilla.org': Reading manifest: Invalid extension permission: resource://pdf.js/
1585587892783	addons.webextension.screenshots@mozilla.org	WARN	Loading extension 'screenshots@mozilla.org': Reading manifest: Invalid extension permission: about:reader*
JavaScript error: resource://gre/modules/XULStore.jsm, line 66: Error: Can't find profile directory.
1585587894889	Marionette	INFO	Listening on port 52172
1585587895372	Marionette	WARN	TLS certificate errors will be ignored for this session
1585587918313	Marionette	INFO	Stopped listening on port 52172

###!!! [Child][RunMessage] Error: Channel closing: too late to send/recv, messages will be lost


###!!! [Child][MessageChannel::SendAndWait] Error: Channel error: cannot send/recv

1585588169746	mozrunner::runner	INFO	Running command: "C:\\Program Files\\Mozilla Firefox\\firefox.exe" "-marionette" "-foreground" "-no-remote" "-profile" "C:\\Users\\jlbic\\AppData\\Local\\Temp\\rust_mozprofileGv7ThR"
1585588170011	addons.webextension.doh-rollout@mozilla.org	WARN	Loading extension 'doh-rollout@mozilla.org': Reading manifest: Invalid extension permission: networkStatus
1585588170299	addons.webextension.screenshots@mozilla.org	WARN	Loading extension 'screenshots@mozilla.org': Reading manifest: Invalid extension permission: mozillaAddons
1585588170299	addons.webextension.screenshots@mozilla.org	WARN	Loading extension 'screenshots@mozilla.org': Reading manifest: Invalid extension permission: telemetry
1585588170299	addons.webextension.screenshots@mozilla.org	WARN	Loading extension 'screenshots@mozilla.org': Reading manifest: Invalid extension permission: resource://pdf.js/
1585588170299	addons.webextension.screenshots@mozilla.org	WARN	Loading extension 'screenshots@mozilla.org': Reading manifest: Invalid extension permission: about:reader*
JavaScript error: resource://gre/modules/XULStore.jsm, line 66: Error: Can't find profile directory.
1585588172241	Marionette	INFO	Listening on port 52275
1585588172390	Marionette	WARN	TLS certificate errors will be ignored for this session
1585588560647	Marionette	INFO	Stopped listening on port 52275

###!!! [Child][RunMessage] Error: Channel closing: too late to send/recv, messages will be lost


###!!! [Child][MessageChannel::SendAndWait] Error: Channel error: cannot send/recv

n.doh-rollout@mozilla.org	WARN	Loading extension 'doh-rollout@mozilla.org': Reading manifest: Invalid extension permission: networkStatus
1585588244437	addons.webextension.screenshots@mozilla.org	WARN	Loading extension 'screenshots@mozilla.org': Reading manifest: Invalid extension permission: mozillaAddons
1585588244437	addons.webextension.screenshots@mozilla.org	WARN	Loading extension 'screenshots@mozilla.org': Reading manifest: Invalid extension permission: telemetry
1585588244437	addons.webextension.screenshots@mozilla.org	WARN	Loading extension 'screenshots@mozilla.org': Reading manifest: Invalid extension permission: resource://pdf.js/
1585588244437	addons.webextension.screenshots@mozilla.org	WARN	Loading extension 'screenshots@mozilla.org': Reading manifest: Invalid extension permission: about:reader*
JavaScript error: resource://gre/modules/XULStore.jsm, line 66: Error: Can't find profile directory.
1585588246259	Marionette	INFO	Listening on port 52356
1585588246533	Marionette	WARN	TLS certificate errors will be ignored for this session
1585588558507	Marionette	INFO	Stopped listening on port 52356

###!!! [Child][RunMessage] Error: Channel closing: too late to send/recv, messages will be lost


###!!! [Child][MessageChannel::SendAndWait] Error: Channel error: cannot send/recv

n.doh-rollout@mozilla.org	WARN	Loading extension 'doh-rollout@mozilla.org': Reading manifest: Invalid extension permission: networkStatus
1585588509986	addons.webextension.screenshots@mozilla.org	WARN	Loading extension 'screenshots@mozilla.org': Reading manifest: Invalid extension permission: mozillaAddons
1585588509986	addons.webextension.screenshots@mozilla.org	WARN	Loading extension 'screenshots@mozilla.org': Reading manifest: Invalid extension permission: telemetry
1585588509986	addons.webextension.screenshots@mozilla.org	WARN	Loading extension 'screenshots@mozilla.org': Reading manifest: Invalid extension permission: resource://pdf.js/
1585588509986	addons.webextension.screenshots@mozilla.org	WARN	Loading extension 'screenshots@mozilla.org': Reading manifest: Invalid extension permission: about:reader*
JavaScript error: resource://gre/modules/XULStore.jsm, line 66: Error: Can't find profile directory.
1585588512033	Marionette	INFO	Listening on port 52460
1585588512093	Marionette	WARN	TLS certificate errors will be ignored for this session
1585588561541	Marionette	INFO	Stopped listening on port 52460

###!!! [Child][RunMessage] Error: Channel closing: too late to send/recv, messages will be lost


###!!! [Child][MessageChannel::SendAndWait] Error: Channel error: cannot send/recv

1585588742090	mozrunner::runner	INFO	Running command: "C:\\Program Files\\Mozilla Firefox\\firefox.exe" "-marionette" "-foreground" "-no-remote" "-profile" "C:\\Users\\jlbic\\AppData\\Local\\Temp\\rust_mozprofile5rK6ld"
1585588742373	addons.webextension.doh-rollout@mozilla.org	WARN	Loading extension 'doh-rollout@mozilla.org': Reading manifest: Invalid extension permission: networkStatus
1585588742691	addons.webextension.screenshots@mozilla.org	WARN	Loading extension 'screenshots@mozilla.org': Reading manifest: Invalid extension permission: mozillaAddons
1585588742691	addons.webextension.screenshots@mozilla.org	WARN	Loading extension 'screenshots@mozilla.org': Reading manifest: Invalid extension permission: telemetry
1585588742691	addons.webextension.screenshots@mozilla.org	WARN	Loading extension 'screenshots@mozilla.org': Reading manifest: Invalid extension permission: resource://pdf.js/
1585588742691	addons.webextension.screenshots@mozilla.org	WARN	Loading extension 'screenshots@mozilla.org': Reading manifest: Invalid extension permission: about:reader*
JavaScript error: resource://gre/modules/XULStore.jsm, line 66: Error: Can't find profile directory.
1585588744588	Marionette	INFO	Listening on port 52568
1585588744748	Marionette	WARN	TLS certificate errors will be ignored for this session
1585588763315	Marionette	INFO	Stopped listening on port 52568

###!!! [Child][RunMessage] Error: Channel closing: too late to send/recv, messages will be lost


###!!! [Child][MessageChannel::SendAndWait] Error: Channel error: cannot send/recv

1585589145441	mozrunner::runner	INFO	Running command: "C:\\Program Files\\Mozilla Firefox\\firefox.exe" "-marionette" "-foreground" "-no-remote" "-profile" "C:\\Users\\jlbic\\AppData\\Local\\Temp\\rust_mozprofileVc55GM"
1585589145704	addons.webextension.doh-rollout@mozilla.org	WARN	Loading extension 'doh-rollout@mozilla.org': Reading manifest: Invalid extension permission: networkStatus
1585589145985	addons.webextension.screenshots@mozilla.org	WARN	Loading extension 'screenshots@mozilla.org': Reading manifest: Invalid extension permission: mozillaAddons
1585589145985	addons.webextension.screenshots@mozilla.org	WARN	Loading extension 'screenshots@mozilla.org': Reading manifest: Invalid extension permission: telemetry
1585589145985	addons.webextension.screenshots@mozilla.org	WARN	Loading extension 'screenshots@mozilla.org': Reading manifest: Invalid extension permission: resource://pdf.js/
1585589145985	addons.webextension.screenshots@mozilla.org	WARN	Loading extension 'screenshots@mozilla.org': Reading manifest: Invalid extension permission: about:reader*
JavaScript error: resource://gre/modules/XULStore.jsm, line 66: Error: Can't find profile directory.
1585589147978	Marionette	INFO	Listening on port 52687
1585589148084	Marionette	WARN	TLS certificate errors will be ignored for this session
1585592138158	Marionette	INFO	Stopped listening on port 52687

###!!! [Child][RunMessage] Error: Channel closing: too late to send/recv, messages will be lost


###!!! [Child][MessageChannel::SendAndWait] Error: Channel error: cannot send/recv

n.doh-rollout@mozilla.org	WARN	Loading extension 'doh-rollout@mozilla.org': Reading manifest: Invalid extension permission: networkStatus
1585589230708	addons.webextension.screenshots@mozilla.org	WARN	Loading extension 'screenshots@mozilla.org': Reading manifest: Invalid extension permission: mozillaAddons
1585589230708	addons.webextension.screenshots@mozilla.org	WARN	Loading extension 'screenshots@mozilla.org': Reading manifest: Invalid extension permission: telemetry
1585589230708	addons.webextension.screenshots@mozilla.org	WARN	Loading extension 'screenshots@mozilla.org': Reading manifest: Invalid extension permission: resource://pdf.js/
1585589230708	addons.webextension.screenshots@mozilla.org	WARN	Loading extension 'screenshots@mozilla.org': Reading manifest: Invalid extension permission: about:reader*
JavaScript error: resource://gre/modules/XULStore.jsm, line 66: Error: Can't find profile directory.
1585589232692	Marionette	INFO	Listening on port 52765
1585589232790	Marionette	WARN	TLS certificate errors will be ignored for this session

###!!! [Child][RunMessage] Error: Channel closing: too late to send/recv, messages will be lost

1585589244809	Marionette	INFO	Stopped listening on port 52765

###!!! [Child][RunMessage] Error: Channel closing: too late to send/recv, messages will be lost


###!!! [Child][MessageChannel::SendAndWait] Error: Channel error: cannot send/recv

1585589472848	mozrunner::runner	INFO	Running command: "C:\\Program Files\\Mozilla Firefox\\firefox.exe" "-marionette" "-foreground" "-no-remote" "-profile" "C:\\Users\\jlbic\\AppData\\Local\\Temp\\rust_mozprofileXjRy6a"
1585589473112	addons.webextension.doh-rollout@mozilla.org	WARN	Loading extension 'doh-rollout@mozilla.org': Reading manifest: Invalid extension permission: networkStatus
1585589473395	addons.webextension.screenshots@mozilla.org	WARN	Loading extension 'screenshots@mozilla.org': Reading manifest: Invalid extension permission: mozillaAddons
1585589473396	addons.webextension.screenshots@mozilla.org	WARN	Loading extension 'screenshots@mozilla.org': Reading manifest: Invalid extension permission: telemetry
1585589473396	addons.webextension.screenshots@mozilla.org	WARN	Loading extension 'screenshots@mozilla.org': Reading manifest: Invalid extension permission: resource://pdf.js/
1585589473396	addons.webextension.screenshots@mozilla.org	WARN	Loading extension 'screenshots@mozilla.org': Reading manifest: Invalid extension permission: about:reader*
JavaScript error: resource://gre/modules/XULStore.jsm, line 66: Error: Can't find profile directory.
1585589475180	Marionette	INFO	Listening on port 52873
1585589475508	Marionette	WARN	TLS certificate errors will be ignored for this session
[Child 15336, Chrome_ChildThread] WARNING: pipe error: 232: file z:/task_1583751780/build/src/ipc/chromium/src/chrome/common/ipc_channel_win.cc, line 507
1585592141324	Marionette	INFO	Stopped listening on port 52873

###!!! [Child][RunMessage] Error: Channel closing: too late to send/recv, messages will be lost


###!!! [Child][MessageChannel::SendAndWait] Error: Channel error: cannot send/recv

dons.webextension.screenshots@mozilla.org	WARN	Loading extension 'screenshots@mozilla.org': Reading manifest: Invalid extension permission: mozillaAddons
1585589685288	addons.webextension.screenshots@mozilla.org	WARN	Loading extension 'screenshots@mozilla.org': Reading manifest: Invalid extension permission: telemetry
1585589685288	addons.webextension.screenshots@mozilla.org	WARN	Loading extension 'screenshots@mozilla.org': Reading manifest: Invalid extension permission: resource://pdf.js/
1585589685288	addons.webextension.screenshots@mozilla.org	WARN	Loading extension 'screenshots@mozilla.org': Reading manifest: Invalid extension permission: about:reader*
JavaScript error: resource://gre/modules/XULStore.jsm, line 66: Error: Can't find profile directory.
1585589687178	Marionette	INFO	Listening on port 52961
1585589687378	Marionette	WARN	TLS certificate errors will be ignored for this session
[Child 9356, Chrome_ChildThread] WARNING: pipe error: 232: file z:/task_1583751780/build/src/ipc/chromium/src/chrome/common/ipc_channel_win.cc, line 507
1585592139508	Marionette	INFO	Stopped listening on port 52961

###!!! [Child][RunMessage] Error: Channel closing: too late to send/recv, messages will be lost


###!!! [Child][MessageChannel::SendAndWait] Error: Channel error: cannot send/recv

ddons.webextension.screenshots@mozilla.org	WARN	Loading extension 'screenshots@mozilla.org': Reading manifest: Invalid extension permission: mozillaAddons
1585589755415	addons.webextension.screenshots@mozilla.org	WARN	Loading extension 'screenshots@mozilla.org': Reading manifest: Invalid extension permission: telemetry
1585589755415	addons.webextension.screenshots@mozilla.org	WARN	Loading extension 'screenshots@mozilla.org': Reading manifest: Invalid extension permission: resource://pdf.js/
1585589755415	addons.webextension.screenshots@mozilla.org	WARN	Loading extension 'screenshots@mozilla.org': Reading manifest: Invalid extension permission: about:reader*
JavaScript error: resource://gre/modules/XULStore.jsm, line 66: Error: Can't find profile directory.
1585589757426	Marionette	INFO	Listening on port 53038
1585589757503	Marionette	WARN	TLS certificate errors will be ignored for this session
1585589772979	Marionette	INFO	Stopped listening on port 53038

###!!! [Child][RunMessage] Error: Channel closing: too late to send/recv, messages will be lost


###!!! [Child][MessageChannel::SendAndWait] Error: Channel error: cannot send/recv

1585589804595	mozrunner::runner	INFO	Running command: "C:\\Program Files\\Mozilla Firefox\\firefox.exe" "-marionette" "-foreground" "-no-remote" "-profile" "C:\\Users\\jlbic\\AppData\\Local\\Temp\\rust_mozprofileCXVLjE"
1585589804872	addons.webextension.doh-rollout@mozilla.org	WARN	Loading extension 'doh-rollout@mozilla.org': Reading manifest: Invalid extension permission: networkStatus
1585589805170	addons.webextension.screenshots@mozilla.org	WARN	Loading extension 'screenshots@mozilla.org': Reading manifest: Invalid extension permission: mozillaAddons
1585589805170	addons.webextension.screenshots@mozilla.org	WARN	Loading extension 'screenshots@mozilla.org': Reading manifest: Invalid extension permission: telemetry
1585589805170	addons.webextension.screenshots@mozilla.org	WARN	Loading extension 'screenshots@mozilla.org': Reading manifest: Invalid extension permission: resource://pdf.js/
1585589805170	addons.webextension.screenshots@mozilla.org	WARN	Loading extension 'screenshots@mozilla.org': Reading manifest: Invalid extension permission: about:reader*
JavaScript error: resource://gre/modules/XULStore.jsm, line 66: Error: Can't find profile directory.
1585589807298	Marionette	INFO	Listening on port 53114
1585589807309	Marionette	WARN	TLS certificate errors will be ignored for this session
1585589832936	Marionette	INFO	Stopped listening on port 53114

###!!! [Child][RunMessage] Error: Channel closing: too late to send/recv, messages will be lost


###!!! [Child][MessageChannel::SendAndWait] Error: Channel error: cannot send/recv

1585688531405	mozrunner::runner	INFO	Running command: "C:\\Program Files\\Mozilla Firefox\\firefox.exe" "-marionette" "-foreground" "-no-remote" "-profile" "C:\\Users\\jlbic\\AppData\\Local\\Temp\\rust_mozprofileb53ulG"
1585688531680	addons.webextension.doh-rollout@mozilla.org	WARN	Loading extension 'doh-rollout@mozilla.org': Reading manifest: Invalid extension permission: networkStatus
1585688531966	addons.webextension.screenshots@mozilla.org	WARN	Loading extension 'screenshots@mozilla.org': Reading manifest: Invalid extension permission: mozillaAddons
1585688531966	addons.webextension.screenshots@mozilla.org	WARN	Loading extension 'screenshots@mozilla.org': Reading manifest: Invalid extension permission: telemetry
1585688531966	addons.webextension.screenshots@mozilla.org	WARN	Loading extension 'screenshots@mozilla.org': Reading manifest: Invalid extension permission: resource://pdf.js/
1585688531966	addons.webextension.screenshots@mozilla.org	WARN	Loading extension 'screenshots@mozilla.org': Reading manifest: Invalid extension permission: about:reader*
JavaScript error: resource://gre/modules/XULStore.jsm, line 66: Error: Can't find profile directory.
1585688533857	Marionette	INFO	Listening on port 58303
1585688534012	Marionette	WARN	TLS certificate errors will be ignored for this session
1585688567635	Marionette	INFO	Stopped listening on port 58303

###!!! [Child][RunMessage] Error: Channel closing: too late to send/recv, messages will be lost


###!!! [Child][MessageChannel::SendAndWait] Error: Channel error: cannot send/recv

1585688652396	mozrunner::runner	INFO	Running command: "C:\\Program Files\\Mozilla Firefox\\firefox.exe" "-marionette" "-foreground" "-no-remote" "-profile" "C:\\Users\\jlbic\\AppData\\Local\\Temp\\rust_mozprofileMwjweU"
1585688652670	addons.webextension.doh-rollout@mozilla.org	WARN	Loading extension 'doh-rollout@mozilla.org': Reading manifest: Invalid extension permission: networkStatus
1585688652963	addons.webextension.screenshots@mozilla.org	WARN	Loading extension 'screenshots@mozilla.org': Reading manifest: Invalid extension permission: mozillaAddons
1585688652963	addons.webextension.screenshots@mozilla.org	WARN	Loading extension 'screenshots@mozilla.org': Reading manifest: Invalid extension permission: telemetry
1585688652963	addons.webextension.screenshots@mozilla.org	WARN	Loading extension 'screenshots@mozilla.org': Reading manifest: Invalid extension permission: resource://pdf.js/
1585688652963	addons.webextension.screenshots@mozilla.org	WARN	Loading extension 'screenshots@mozilla.org': Reading manifest: Invalid extension permission: about:reader*
JavaScript error: resource://gre/modules/XULStore.jsm, line 66: Error: Can't find profile directory.
1585688655024	Marionette	INFO	Listening on port 58390
1585688655503	Marionette	WARN	TLS certificate errors will be ignored for this session
1585688683976	Marionette	INFO	Stopped listening on port 58390

###!!! [Child][RunMessage] Error: Channel closing: too late to send/recv, messages will be lost


###!!! [Child][MessageChannel::SendAndWait] Error: Channel error: cannot send/recv

1585688758257	mozrunner::runner	INFO	Running command: "C:\\Program Files\\Mozilla Firefox\\firefox.exe" "-marionette" "-foreground" "-no-remote" "-profile" "C:\\Users\\jlbic\\AppData\\Local\\Temp\\rust_mozprofilefVtO8v"
1585688758532	addons.webextension.doh-rollout@mozilla.org	WARN	Loading extension 'doh-rollout@mozilla.org': Reading manifest: Invalid extension permission: networkStatus
1585688758822	addons.webextension.screenshots@mozilla.org	WARN	Loading extension 'screenshots@mozilla.org': Reading manifest: Invalid extension permission: mozillaAddons
1585688758822	addons.webextension.screenshots@mozilla.org	WARN	Loading extension 'screenshots@mozilla.org': Reading manifest: Invalid extension permission: telemetry
1585688758822	addons.webextension.screenshots@mozilla.org	WARN	Loading extension 'screenshots@mozilla.org': Reading manifest: Invalid extension permission: resource://pdf.js/
1585688758822	addons.webextension.screenshots@mozilla.org	WARN	Loading extension 'screenshots@mozilla.org': Reading manifest: Invalid extension permission: about:reader*
JavaScript error: resource://gre/modules/XULStore.jsm, line 66: Error: Can't find profile directory.
1585688760849	Marionette	INFO	Listening on port 58494
1585688760868	Marionette	WARN	TLS certificate errors will be ignored for this session
1585689148055	Marionette	INFO	Stopped listening on port 58494

###!!! [Child][MessageChannel::SendAndWait] Error: Channel error: cannot send/recv

1585689266617	mozrunner::runner	INFO	Running command: "C:\\Program Files\\Mozilla Firefox\\firefox.exe" "-marionette" "-foreground" "-no-remote" "-profile" "C:\\Users\\jlbic\\AppData\\Local\\Temp\\rust_mozprofile5VUysf"
1585689266910	addons.webextension.doh-rollout@mozilla.org	WARN	Loading extension 'doh-rollout@mozilla.org': Reading manifest: Invalid extension permission: networkStatus
1585689267209	addons.webextension.screenshots@mozilla.org	WARN	Loading extension 'screenshots@mozilla.org': Reading manifest: Invalid extension permission: mozillaAddons
1585689267209	addons.webextension.screenshots@mozilla.org	WARN	Loading extension 'screenshots@mozilla.org': Reading manifest: Invalid extension permission: telemetry
1585689267210	addons.webextension.screenshots@mozilla.org	WARN	Loading extension 'screenshots@mozilla.org': Reading manifest: Invalid extension permission: resource://pdf.js/
1585689267210	addons.webextension.screenshots@mozilla.org	WARN	Loading extension 'screenshots@mozilla.org': Reading manifest: Invalid extension permission: about:reader*
JavaScript error: resource://gre/modules/XULStore.jsm, line 66: Error: Can't find profile directory.
1585689269161	Marionette	INFO	Listening on port 58630
1585689269225	Marionette	WARN	TLS certificate errors will be ignored for this session
1585689297060	Marionette	INFO	Stopped listening on port 58630

###!!! [Child][RunMessage] Error: Channel closing: too late to send/recv, messages will be lost


###!!! [Child][MessageChannel::SendAndWait] Error: Channel error: cannot send/recv

1585751244682	mozrunner::runner	INFO	Running command: "C:\\Program Files\\Mozilla Firefox\\firefox.exe" "-marionette" "-foreground" "-no-remote" "-profile" "C:\\Users\\jlbic\\AppData\\Local\\Temp\\rust_mozprofile3a0k7p"
1585751244959	addons.webextension.doh-rollout@mozilla.org	WARN	Loading extension 'doh-rollout@mozilla.org': Reading manifest: Invalid extension permission: networkStatus
1585751245248	addons.webextension.screenshots@mozilla.org	WARN	Loading extension 'screenshots@mozilla.org': Reading manifest: Invalid extension permission: mozillaAddons
1585751245249	addons.webextension.screenshots@mozilla.org	WARN	Loading extension 'screenshots@mozilla.org': Reading manifest: Invalid extension permission: telemetry
1585751245249	addons.webextension.screenshots@mozilla.org	WARN	Loading extension 'screenshots@mozilla.org': Reading manifest: Invalid extension permission: resource://pdf.js/
1585751245249	addons.webextension.screenshots@mozilla.org	WARN	Loading extension 'screenshots@mozilla.org': Reading manifest: Invalid extension permission: about:reader*
JavaScript error: resource://gre/modules/XULStore.jsm, line 66: Error: Can't find profile directory.
1585751247298	Marionette	INFO	Listening on port 60554
1585751247789	Marionette	WARN	TLS certificate errors will be ignored for this session
1585751273642	Marionette	INFO	Stopped listening on port 60554

###!!! [Child][RunMessage] Error: Channel closing: too late to send/recv, messages will be lost


###!!! [Child][MessageChannel::SendAndWait] Error: Channel error: cannot send/recv

1585752165291	mozrunner::runner	INFO	Running command: "C:\\Program Files\\Mozilla Firefox\\firefox.exe" "-marionette" "-foreground" "-no-remote" "-profile" "C:\\Users\\jlbic\\AppData\\Local\\Temp\\rust_mozprofileILhCjl"
1585752165561	addons.webextension.doh-rollout@mozilla.org	WARN	Loading extension 'doh-rollout@mozilla.org': Reading manifest: Invalid extension permission: networkStatus
1585752165847	addons.webextension.screenshots@mozilla.org	WARN	Loading extension 'screenshots@mozilla.org': Reading manifest: Invalid extension permission: mozillaAddons
1585752165847	addons.webextension.screenshots@mozilla.org	WARN	Loading extension 'screenshots@mozilla.org': Reading manifest: Invalid extension permission: telemetry
1585752165847	addons.webextension.screenshots@mozilla.org	WARN	Loading extension 'screenshots@mozilla.org': Reading manifest: Invalid extension permission: resource://pdf.js/
1585752165847	addons.webextension.screenshots@mozilla.org	WARN	Loading extension 'screenshots@mozilla.org': Reading manifest: Invalid extension permission: about:reader*
JavaScript error: resource://gre/modules/XULStore.jsm, line 66: Error: Can't find profile directory.
1585752167757	Marionette	INFO	Listening on port 60669
1585752167904	Marionette	WARN	TLS certificate errors will be ignored for this session
1585752177288	Marionette	INFO	Stopped listening on port 60669

###!!! [Child][RunMessage] Error: Channel closing: too late to send/recv, messages will be lost


###!!! [Child][MessageChannel::SendAndWait] Error: Channel error: cannot send/recv

1585752348531	mozrunner::runner	INFO	Running command: "C:\\Program Files\\Mozilla Firefox\\firefox.exe" "-marionette" "-foreground" "-no-remote" "-profile" "C:\\Users\\jlbic\\AppData\\Local\\Temp\\rust_mozprofileY2ieiQ"
1585752348809	addons.webextension.doh-rollout@mozilla.org	WARN	Loading extension 'doh-rollout@mozilla.org': Reading manifest: Invalid extension permission: networkStatus
1585752349093	addons.webextension.screenshots@mozilla.org	WARN	Loading extension 'screenshots@mozilla.org': Reading manifest: Invalid extension permission: mozillaAddons
1585752349093	addons.webextension.screenshots@mozilla.org	WARN	Loading extension 'screenshots@mozilla.org': Reading manifest: Invalid extension permission: telemetry
1585752349094	addons.webextension.screenshots@mozilla.org	WARN	Loading extension 'screenshots@mozilla.org': Reading manifest: Invalid extension permission: resource://pdf.js/
1585752349094	addons.webextension.screenshots@mozilla.org	WARN	Loading extension 'screenshots@mozilla.org': Reading manifest: Invalid extension permission: about:reader*
JavaScript error: resource://gre/modules/XULStore.jsm, line 66: Error: Can't find profile directory.
1585752350996	Marionette	INFO	Listening on port 60738
1585752351139	Marionette	WARN	TLS certificate errors will be ignored for this session
1585752361349	Marionette	INFO	Stopped listening on port 60738

###!!! [Child][RunMessage] Error: Channel closing: too late to send/recv, messages will be lost


###!!! [Child][MessageChannel::SendAndWait] Error: Channel error: cannot send/recv

1585752615581	mozrunner::runner	INFO	Running command: "C:\\Program Files\\Mozilla Firefox\\firefox.exe" "-marionette" "-foreground" "-no-remote" "-profile" "C:\\Users\\jlbic\\AppData\\Local\\Temp\\rust_mozprofileXXD5uL"
1585752615850	addons.webextension.doh-rollout@mozilla.org	WARN	Loading extension 'doh-rollout@mozilla.org': Reading manifest: Invalid extension permission: networkStatus
1585752616133	addons.webextension.screenshots@mozilla.org	WARN	Loading extension 'screenshots@mozilla.org': Reading manifest: Invalid extension permission: mozillaAddons
1585752616133	addons.webextension.screenshots@mozilla.org	WARN	Loading extension 'screenshots@mozilla.org': Reading manifest: Invalid extension permission: telemetry
1585752616133	addons.webextension.screenshots@mozilla.org	WARN	Loading extension 'screenshots@mozilla.org': Reading manifest: Invalid extension permission: resource://pdf.js/
1585752616133	addons.webextension.screenshots@mozilla.org	WARN	Loading extension 'screenshots@mozilla.org': Reading manifest: Invalid extension permission: about:reader*
JavaScript error: resource://gre/modules/XULStore.jsm, line 66: Error: Can't find profile directory.
1585752618157	Marionette	INFO	Listening on port 60802
1585752618199	Marionette	WARN	TLS certificate errors will be ignored for this session
1585752628282	Marionette	INFO	Stopped listening on port 60802

###!!! [Child][RunMessage] Error: Channel closing: too late to send/recv, messages will be lost


###!!! [Child][MessageChannel::SendAndWait] Error: Channel error: cannot send/recv

1585752718012	mozrunner::runner	INFO	Running command: "C:\\Program Files\\Mozilla Firefox\\firefox.exe" "-marionette" "-foreground" "-no-remote" "-profile" "C:\\Users\\jlbic\\AppData\\Local\\Temp\\rust_mozprofile05RlUH"
1585752718284	addons.webextension.doh-rollout@mozilla.org	WARN	Loading extension 'doh-rollout@mozilla.org': Reading manifest: Invalid extension permission: networkStatus
1585752718565	addons.webextension.screenshots@mozilla.org	WARN	Loading extension 'screenshots@mozilla.org': Reading manifest: Invalid extension permission: mozillaAddons
1585752718565	addons.webextension.screenshots@mozilla.org	WARN	Loading extension 'screenshots@mozilla.org': Reading manifest: Invalid extension permission: telemetry
1585752718566	addons.webextension.screenshots@mozilla.org	WARN	Loading extension 'screenshots@mozilla.org': Reading manifest: Invalid extension permission: resource://pdf.js/
1585752718566	addons.webextension.screenshots@mozilla.org	WARN	Loading extension 'screenshots@mozilla.org': Reading manifest: Invalid extension permission: about:reader*
JavaScript error: resource://gre/modules/XULStore.jsm, line 66: Error: Can't find profile directory.
1585752720475	Marionette	INFO	Listening on port 60865
1585752720623	Marionette	WARN	TLS certificate errors will be ignored for this session
1585752729880	Marionette	INFO	Stopped listening on port 60865

###!!! [Child][RunMessage] Error: Channel closing: too late to send/recv, messages will be lost


###!!! [Child][MessageChannel::SendAndWait] Error: Channel error: cannot send/recv

1585752809225	mozrunner::runner	INFO	Running command: "C:\\Program Files\\Mozilla Firefox\\firefox.exe" "-marionette" "-foreground" "-no-remote" "-profile" "C:\\Users\\jlbic\\AppData\\Local\\Temp\\rust_mozprofilecnrZs6"
1585752809495	addons.webextension.doh-rollout@mozilla.org	WARN	Loading extension 'doh-rollout@mozilla.org': Reading manifest: Invalid extension permission: networkStatus
1585752809784	addons.webextension.screenshots@mozilla.org	WARN	Loading extension 'screenshots@mozilla.org': Reading manifest: Invalid extension permission: mozillaAddons
1585752809784	addons.webextension.screenshots@mozilla.org	WARN	Loading extension 'screenshots@mozilla.org': Reading manifest: Invalid extension permission: telemetry
1585752809784	addons.webextension.screenshots@mozilla.org	WARN	Loading extension 'screenshots@mozilla.org': Reading manifest: Invalid extension permission: resource://pdf.js/
1585752809785	addons.webextension.screenshots@mozilla.org	WARN	Loading extension 'screenshots@mozilla.org': Reading manifest: Invalid extension permission: about:reader*
JavaScript error: resource://gre/modules/XULStore.jsm, line 66: Error: Can't find profile directory.
1585752811778	Marionette	INFO	Listening on port 60932
1585752811833	Marionette	WARN	TLS certificate errors will be ignored for this session
1585752820483	Marionette	INFO	Stopped listening on port 60932

###!!! [Child][RunMessage] Error: Channel closing: too late to send/recv, messages will be lost


###!!! [Child][MessageChannel::SendAndWait] Error: Channel error: cannot send/recv

1585752840459	mozrunner::runner	INFO	Running command: "C:\\Program Files\\Mozilla Firefox\\firefox.exe" "-marionette" "-foreground" "-no-remote" "-profile" "C:\\Users\\jlbic\\AppData\\Local\\Temp\\rust_mozprofile6ki7Bi"
1585752840734	addons.webextension.doh-rollout@mozilla.org	WARN	Loading extension 'doh-rollout@mozilla.org': Reading manifest: Invalid extension permission: networkStatus
1585752841017	addons.webextension.screenshots@mozilla.org	WARN	Loading extension 'screenshots@mozilla.org': Reading manifest: Invalid extension permission: mozillaAddons
1585752841017	addons.webextension.screenshots@mozilla.org	WARN	Loading extension 'screenshots@mozilla.org': Reading manifest: Invalid extension permission: telemetry
1585752841017	addons.webextension.screenshots@mozilla.org	WARN	Loading extension 'screenshots@mozilla.org': Reading manifest: Invalid extension permission: resource://pdf.js/
1585752841017	addons.webextension.screenshots@mozilla.org	WARN	Loading extension 'screenshots@mozilla.org': Reading manifest: Invalid extension permission: about:reader*
JavaScript error: resource://gre/modules/XULStore.jsm, line 66: Error: Can't find profile directory.
1585752842908	Marionette	INFO	Listening on port 60997
1585752843069	Marionette	WARN	TLS certificate errors will be ignored for this session
1585752852618	Marionette	INFO	Stopped listening on port 60997

###!!! [Child][RunMessage] Error: Channel closing: too late to send/recv, messages will be lost


###!!! [Child][MessageChannel::SendAndWait] Error: Channel error: cannot send/recv

1585753036000	mozrunner::runner	INFO	Running command: "C:\\Program Files\\Mozilla Firefox\\firefox.exe" "-marionette" "-foreground" "-no-remote" "-profile" "C:\\Users\\jlbic\\AppData\\Local\\Temp\\rust_mozprofile4HWbGv"
1585753036275	addons.webextension.doh-rollout@mozilla.org	WARN	Loading extension 'doh-rollout@mozilla.org': Reading manifest: Invalid extension permission: networkStatus
1585753036557	addons.webextension.screenshots@mozilla.org	WARN	Loading extension 'screenshots@mozilla.org': Reading manifest: Invalid extension permission: mozillaAddons
1585753036557	addons.webextension.screenshots@mozilla.org	WARN	Loading extension 'screenshots@mozilla.org': Reading manifest: Invalid extension permission: telemetry
1585753036557	addons.webextension.screenshots@mozilla.org	WARN	Loading extension 'screenshots@mozilla.org': Reading manifest: Invalid extension permission: resource://pdf.js/
1585753036557	addons.webextension.screenshots@mozilla.org	WARN	Loading extension 'screenshots@mozilla.org': Reading manifest: Invalid extension permission: about:reader*
JavaScript error: resource://gre/modules/XULStore.jsm, line 66: Error: Can't find profile directory.
1585753038561	Marionette	INFO	Listening on port 61067
1585753038609	Marionette	WARN	TLS certificate errors will be ignored for this session
1585753047904	Marionette	INFO	Stopped listening on port 61067

###!!! [Child][RunMessage] Error: Channel closing: too late to send/recv, messages will be lost


###!!! [Child][MessageChannel::SendAndWait] Error: Channel error: cannot send/recv

1585753333865	mozrunner::runner	INFO	Running command: "C:\\Program Files\\Mozilla Firefox\\firefox.exe" "-marionette" "-foreground" "-no-remote" "-profile" "C:\\Users\\jlbic\\AppData\\Local\\Temp\\rust_mozprofilej1l4ZQ"
1585753334137	addons.webextension.doh-rollout@mozilla.org	WARN	Loading extension 'doh-rollout@mozilla.org': Reading manifest: Invalid extension permission: networkStatus
1585753334425	addons.webextension.screenshots@mozilla.org	WARN	Loading extension 'screenshots@mozilla.org': Reading manifest: Invalid extension permission: mozillaAddons
1585753334425	addons.webextension.screenshots@mozilla.org	WARN	Loading extension 'screenshots@mozilla.org': Reading manifest: Invalid extension permission: telemetry
1585753334425	addons.webextension.screenshots@mozilla.org	WARN	Loading extension 'screenshots@mozilla.org': Reading manifest: Invalid extension permission: resource://pdf.js/
1585753334425	addons.webextension.screenshots@mozilla.org	WARN	Loading extension 'screenshots@mozilla.org': Reading manifest: Invalid extension permission: about:reader*
JavaScript error: resource://gre/modules/XULStore.jsm, line 66: Error: Can't find profile directory.
1585753336437	Marionette	INFO	Listening on port 61146
1585753336474	Marionette	WARN	TLS certificate errors will be ignored for this session
1585753458802	Marionette	INFO	Stopped listening on port 61146

###!!! [Parent][RunMessage] Error: Channel error: cannot send/recv


###!!! [Parent][RunMessage] Error: Channel error: cannot send/recv


###!!! [Parent][RunMessage] Error: Channel error: cannot send/recv


###!!! [Parent][RunMessage] Error: Channel error: cannot send/recv


###!!! [Parent][RunMessage] Error: Channel error: cannot send/recv


###!!! [Parent][RunMessage] Error: Channel error: cannot send/recv


###!!! [Parent][RunMessage] Error: Channel error: cannot send/recv


###!!! [Parent][RunMessage] Error: Channel error: cannot send/recv


###!!! [Child][RunMessage] Error: Channel closing: too late to send/recv, messages will be lost


###!!! [Child][MessageChannel::SendAndWait] Error: Channel error: cannot send/recv

1585753530471	mozrunner::runner	INFO	Running command: "C:\\Program Files\\Mozilla Firefox\\firefox.exe" "-marionette" "-foreground" "-no-remote" "-profile" "C:\\Users\\jlbic\\AppData\\Local\\Temp\\rust_mozprofileRqAik7"
1585753530742	addons.webextension.doh-rollout@mozilla.org	WARN	Loading extension 'doh-rollout@mozilla.org': Reading manifest: Invalid extension permission: networkStatus
1585753531029	addons.webextension.screenshots@mozilla.org	WARN	Loading extension 'screenshots@mozilla.org': Reading manifest: Invalid extension permission: mozillaAddons
1585753531029	addons.webextension.screenshots@mozilla.org	WARN	Loading extension 'screenshots@mozilla.org': Reading manifest: Invalid extension permission: telemetry
1585753531029	addons.webextension.screenshots@mozilla.org	WARN	Loading extension 'screenshots@mozilla.org': Reading manifest: Invalid extension permission: resource://pdf.js/
1585753531029	addons.webextension.screenshots@mozilla.org	WARN	Loading extension 'screenshots@mozilla.org': Reading manifest: Invalid extension permission: about:reader*
JavaScript error: resource://gre/modules/XULStore.jsm, line 66: Error: Can't find profile directory.
1585753533065	Marionette	INFO	Listening on port 61238
1585753533086	Marionette	WARN	TLS certificate errors will be ignored for this session
1585753541816	Marionette	INFO	Stopped listening on port 61238

###!!! [Child][RunMessage] Error: Channel closing: too late to send/recv, messages will be lost


###!!! [Child][MessageChannel::SendAndWait] Error: Channel error: cannot send/recv

1585753600682	mozrunner::runner	INFO	Running command: "C:\\Program Files\\Mozilla Firefox\\firefox.exe" "-marionette" "-foreground" "-no-remote" "-profile" "C:\\Users\\jlbic\\AppData\\Local\\Temp\\rust_mozprofile6Cv6vc"
1585753600952	addons.webextension.doh-rollout@mozilla.org	WARN	Loading extension 'doh-rollout@mozilla.org': Reading manifest: Invalid extension permission: networkStatus
1585753601239	addons.webextension.screenshots@mozilla.org	WARN	Loading extension 'screenshots@mozilla.org': Reading manifest: Invalid extension permission: mozillaAddons
1585753601239	addons.webextension.screenshots@mozilla.org	WARN	Loading extension 'screenshots@mozilla.org': Reading manifest: Invalid extension permission: telemetry
1585753601240	addons.webextension.screenshots@mozilla.org	WARN	Loading extension 'screenshots@mozilla.org': Reading manifest: Invalid extension permission: resource://pdf.js/
1585753601240	addons.webextension.screenshots@mozilla.org	WARN	Loading extension 'screenshots@mozilla.org': Reading manifest: Invalid extension permission: about:reader*
JavaScript error: resource://gre/modules/XULStore.jsm, line 66: Error: Can't find profile directory.
1585753603124	Marionette	INFO	Listening on port 61302
1585753603289	Marionette	WARN	TLS certificate errors will be ignored for this session
1585753622239	Marionette	INFO	Stopped listening on port 61302

###!!! [Child][RunMessage] Error: Channel closing: too late to send/recv, messages will be lost


###!!! [Child][MessageChannel::SendAndWait] Error: Channel error: cannot send/recv

1585755581526	mozrunner::runner	INFO	Running command: "C:\\Program Files\\Mozilla Firefox\\firefox.exe" "-marionette" "-foreground" "-no-remote" "-profile" "C:\\Users\\jlbic\\AppData\\Local\\Temp\\rust_mozprofileg0f668"
1585755581801	addons.webextension.doh-rollout@mozilla.org	WARN	Loading extension 'doh-rollout@mozilla.org': Reading manifest: Invalid extension permission: networkStatus
1585755582094	addons.webextension.screenshots@mozilla.org	WARN	Loading extension 'screenshots@mozilla.org': Reading manifest: Invalid extension permission: mozillaAddons
1585755582094	addons.webextension.screenshots@mozilla.org	WARN	Loading extension 'screenshots@mozilla.org': Reading manifest: Invalid extension permission: telemetry
1585755582094	addons.webextension.screenshots@mozilla.org	WARN	Loading extension 'screenshots@mozilla.org': Reading manifest: Invalid extension permission: resource://pdf.js/
1585755582094	addons.webextension.screenshots@mozilla.org	WARN	Loading extension 'screenshots@mozilla.org': Reading manifest: Invalid extension permission: about:reader*
JavaScript error: resource://gre/modules/XULStore.jsm, line 66: Error: Can't find profile directory.
1585755584124	Marionette	INFO	Listening on port 61761
1585755584138	Marionette	WARN	TLS certificate errors will be ignored for this session
1585755704929	Marionette	INFO	Stopped listening on port 61761

###!!! [Child][RunMessage] Error: Channel closing: too late to send/recv, messages will be lost


###!!! [Child][RunMessage] Error: Channel closing: too late to send/recv, messages will be lost


###!!! [Child][MessageChannel::SendAndWait] Error: Channel error: cannot send/recv

1585766762951	mozrunner::runner	INFO	Running command: "C:\\Program Files\\Mozilla Firefox\\firefox.exe" "-marionette" "-foreground" "-no-remote" "-profile" "C:\\Users\\jlbic\\AppData\\Local\\Temp\\rust_mozprofilevOjues"
1585766763223	addons.webextension.doh-rollout@mozilla.org	WARN	Loading extension 'doh-rollout@mozilla.org': Reading manifest: Invalid extension permission: networkStatus
1585766763508	addons.webextension.screenshots@mozilla.org	WARN	Loading extension 'screenshots@mozilla.org': Reading manifest: Invalid extension permission: mozillaAddons
1585766763508	addons.webextension.screenshots@mozilla.org	WARN	Loading extension 'screenshots@mozilla.org': Reading manifest: Invalid extension permission: telemetry
1585766763508	addons.webextension.screenshots@mozilla.org	WARN	Loading extension 'screenshots@mozilla.org': Reading manifest: Invalid extension permission: resource://pdf.js/
1585766763508	addons.webextension.screenshots@mozilla.org	WARN	Loading extension 'screenshots@mozilla.org': Reading manifest: Invalid extension permission: about:reader*
JavaScript error: resource://gre/modules/XULStore.jsm, line 66: Error: Can't find profile directory.
1585766765513	Marionette	INFO	Listening on port 62557
1585766765577	Marionette	WARN	TLS certificate errors will be ignored for this session
1585766800291	Marionette	INFO	Stopped listening on port 62557

###!!! [Child][RunMessage] Error: Channel closing: too late to send/recv, messages will be lost


###!!! [Child][MessageChannel::SendAndWait] Error: Channel error: cannot send/recv

